<?xml version="1.0" encoding="UTF-8"?>
<testng-results ignored="0" total="2" passed="2" failed="0" skipped="0">
  <reporter-output>
  </reporter-output>
  <suite started-at="2025-02-01T13:46:08 IST" name="Surefire suite" finished-at="2025-02-01T13:49:07 IST" duration-ms="178640">
    <groups>
    </groups>
    <test started-at="2025-02-01T13:46:08 IST" name="Surefire test" finished-at="2025-02-01T13:49:07 IST" duration-ms="178640">
      <class name="com.smartfren.LoginPageTest">
        <test-method is-config="true" signature="setUp()[pri:0, instance:com.smartfren.LoginPageTest@3059cbc]" started-at="2025-02-01T13:46:08 IST" name="setUp" finished-at="2025-02-01T13:46:21 IST" duration-ms="12850" status="PASS">
          <reporter-output>
          </reporter-output>
        </test-method> <!-- setUp -->
        <test-method signature="login()[pri:1, instance:com.smartfren.LoginPageTest@3059cbc]" started-at="2025-02-01T13:46:21 IST" name="login" finished-at="2025-02-01T13:47:33 IST" duration-ms="72361" status="PASS">
          <reporter-output>
          </reporter-output>
        </test-method> <!-- login -->
        <test-method is-config="true" signature="tearDown()[pri:0, instance:com.smartfren.LoginPageTest@3059cbc]" started-at="2025-02-01T13:47:33 IST" name="tearDown" finished-at="2025-02-01T13:47:34 IST" duration-ms="822" status="PASS">
          <reporter-output>
          </reporter-output>
        </test-method> <!-- tearDown -->
      </class> <!-- com.smartfren.LoginPageTest -->
      <class name="com.smartfren.LogoutPageTest">
        <test-method is-config="true" signature="setUp()[pri:0, instance:com.smartfren.LogoutPageTest@3f6b0be5]" started-at="2025-02-01T13:47:34 IST" name="setUp" finished-at="2025-02-01T13:48:57 IST" duration-ms="82390" status="PASS">
          <reporter-output>
          </reporter-output>
        </test-method> <!-- setUp -->
        <test-method signature="logouttest()[pri:2, instance:com.smartfren.LogoutPageTest@3f6b0be5]" started-at="2025-02-01T13:48:57 IST" name="logouttest" finished-at="2025-02-01T13:49:06 IST" duration-ms="9433" status="PASS">
          <reporter-output>
          </reporter-output>
        </test-method> <!-- logouttest -->
        <test-method is-config="true" signature="tearDown()[pri:0, instance:com.smartfren.LogoutPageTest@3f6b0be5]" started-at="2025-02-01T13:49:06 IST" name="tearDown" finished-at="2025-02-01T13:49:07 IST" duration-ms="739" status="PASS">
          <reporter-output>
          </reporter-output>
        </test-method> <!-- tearDown -->
      </class> <!-- com.smartfren.LogoutPageTest -->
    </test> <!-- Surefire test -->
  </suite> <!-- Surefire suite -->
</testng-results>
